<?xml version="1.0" encoding="UTF-8"?>
<testng-results skipped="0" failed="1" ignored="0" total="2" passed="1">
  <reporter-output>
  </reporter-output>
  <suite name="Default suite" duration-ms="23116" started-at="2018-06-25T22:18:31Z" finished-at="2018-06-25T22:18:54Z">
    <groups>
    </groups>
    <test name="Default test" duration-ms="23116" started-at="2018-06-25T22:18:31Z" finished-at="2018-06-25T22:18:54Z">
      <class name="com.PersonalInfoTests">
        <test-method status="PASS" signature="setUp()[pri:0, instance:com.PersonalInfoTests@50d6af87]" name="setUp" is-config="true" duration-ms="2714" started-at="2018-06-25T22:18:31Z" finished-at="2018-06-25T22:18:34Z">
          <reporter-output>
          </reporter-output>
        </test-method> <!-- setUp -->
        <test-method status="PASS" signature="navigateToHomePage()[pri:0, instance:com.PersonalInfoTests@50d6af87]" name="navigateToHomePage" is-config="true" duration-ms="8301" started-at="2018-06-25T22:18:34Z" finished-at="2018-06-25T22:18:42Z">
          <reporter-output>
          </reporter-output>
        </test-method> <!-- navigateToHomePage -->
        <test-method status="PASS" signature="fullNameEmptyTest()[pri:0, instance:com.PersonalInfoTests@50d6af87]" name="fullNameEmptyTest" duration-ms="208" started-at="2018-06-25T22:18:42Z" finished-at="2018-06-25T22:18:43Z">
          <reporter-output>
          </reporter-output>
        </test-method> <!-- fullNameEmptyTest -->
        <test-method status="PASS" signature="navigateToHomePage()[pri:0, instance:com.PersonalInfoTests@50d6af87]" name="navigateToHomePage" is-config="true" duration-ms="550" started-at="2018-06-25T22:18:43Z" finished-at="2018-06-25T22:18:43Z">
          <reporter-output>
          </reporter-output>
        </test-method> <!-- navigateToHomePage -->
        <test-method status="FAIL" signature="submitFullApplication()[pri:0, instance:com.PersonalInfoTests@50d6af87]" name="submitFullApplication" duration-ms="11322" started-at="2018-06-25T22:18:43Z" finished-at="2018-06-25T22:18:54Z">
          <exception class="java.lang.NullPointerException">
            <full-stacktrace>
              <![CDATA[java.lang.NullPointerException
at com.PersonalInfoTests.submitFullApplication(PersonalInfoTests.java:134)
at sun.reflect.NativeMethodAccessorImpl.invoke0(Native Method)
at sun.reflect.NativeMethodAccessorImpl.invoke(NativeMethodAccessorImpl.java:62)
at sun.reflect.DelegatingMethodAccessorImpl.invoke(DelegatingMethodAccessorImpl.java:43)
at java.lang.reflect.Method.invoke(Method.java:498)
at org.testng.internal.MethodInvocationHelper.invokeMethod(MethodInvocationHelper.java:124)
at org.testng.internal.Invoker.invokeMethod(Invoker.java:583)
at org.testng.internal.Invoker.invokeTestMethod(Invoker.java:719)
at org.testng.internal.Invoker.invokeTestMethods(Invoker.java:989)
at org.testng.internal.TestMethodWorker.invokeTestMethods(TestMethodWorker.java:125)
at org.testng.internal.TestMethodWorker.run(TestMethodWorker.java:109)
at org.testng.TestRunner.privateRun(TestRunner.java:648)
at org.testng.TestRunner.run(TestRunner.java:505)
at org.testng.SuiteRunner.runTest(SuiteRunner.java:455)
at org.testng.SuiteRunner.runSequentially(SuiteRunner.java:450)
at org.testng.SuiteRunner.privateRun(SuiteRunner.java:415)
at org.testng.SuiteRunner.run(SuiteRunner.java:364)
at org.testng.SuiteRunnerWorker.runSuite(SuiteRunnerWorker.java:52)
at org.testng.SuiteRunnerWorker.run(SuiteRunnerWorker.java:84)
at org.testng.TestNG.runSuitesSequentially(TestNG.java:1208)
at org.testng.TestNG.runSuitesLocally(TestNG.java:1137)
at org.testng.TestNG.runSuites(TestNG.java:1049)
at org.testng.TestNG.run(TestNG.java:1017)
at org.testng.remote.AbstractRemoteTestNG.run(AbstractRemoteTestNG.java:114)
at org.testng.remote.RemoteTestNG.initAndRun(RemoteTestNG.java:251)
at org.testng.remote.RemoteTestNG.main(RemoteTestNG.java:77)
]]>
            </full-stacktrace>
          </exception> <!-- java.lang.NullPointerException -->
          <reporter-output>
          </reporter-output>
        </test-method> <!-- submitFullApplication -->
      </class> <!-- com.PersonalInfoTests -->
    </test> <!-- Default test -->
  </suite> <!-- Default suite -->
</testng-results>
